<?xml version="1.0" encoding="UTF-8"?>
<!-- Generated by org.testng.reporters.JUnitXMLReporter -->
<testsuite ignored="0" hostname="Samiras-MacBook-Pro.local" failures="2" tests="2" name="LoginTest" time="0.035" errors="0" timestamp="2022-03-06T18:37:04 EST">
  <testcase classname="day12.myAccountLogin" name="beforeTest" time="0.0">
    <failure type="org.testng.TestNGException" message="
Method beforeTest requires 2 parameters but 1 were supplied in the @Test annotation.">
      <![CDATA[org.testng.TestNGException: 
Method beforeTest requires 2 parameters but 1 were supplied in the @Test annotation.
at java.base/java.util.ArrayList.forEach(ArrayList.java:1541)
... Removed 26 stack frames]]>
    </failure>
  </testcase> <!-- beforeTest -->
  <testcase classname="day12.myAccountLogin" name="loginTest" time="0.0">
    <failure type="org.testng.TestNGException" message="
Parameter &amp;apos;username&amp;apos; is required by @Test on method loginTest but has not been marked @Optional or defined
in /Users/samiraimin/git/CandyBar/Selenium/accountLogin.xml">
      <![CDATA[org.testng.TestNGException: 
Parameter 'username' is required by @Test on method loginTest but has not been marked @Optional or defined
in /Users/samiraimin/git/CandyBar/Selenium/accountLogin.xml
at java.base/java.util.ArrayList.forEach(ArrayList.java:1541)
... Removed 26 stack frames]]>
    </failure>
  </testcase> <!-- loginTest -->
</testsuite> <!-- LoginTest -->
